<?xml version="1.0" encoding="UTF-8"?>
<robot generator="Robot 3.2.2 (Python 3.9.0 on win32)" generated="20210105 16:30:54.615" rpa="false">
<suite id="s1" name="Itaco" source="C:\Users\Owner\Documents\RobotFramework\TestCases\Itaco.robot">
<test id="s1-t1" name="Precondition">
<kw name="Abrir Navegador">
<kw name="Open Browser" library="Selenium2Library">
<doc>Opens a new browser instance to the optional ``url``.</doc>
<arguments>
<arg>${url}</arg>
<arg>${browser}</arg>
</arguments>
<msg timestamp="20210105 16:30:55.509" level="INFO">Opening browser 'chrome' to base url 'http://45.173.197.126/Itaco/web/#/login'.</msg>
<status status="PASS" starttime="20210105 16:30:55.508" endtime="20210105 16:31:12.209"></status>
</kw>
<status status="PASS" starttime="20210105 16:30:55.507" endtime="20210105 16:31:12.210"></status>
</kw>
<kw name="Configurar Directorio">
<kw name="Set Screenshot Directory" library="Selenium2Library">
<doc>Sets the directory for captured screenshots.</doc>
<arguments>
<arg>${ScreenshotFile}</arg>
</arguments>
<status status="PASS" starttime="20210105 16:31:12.213" endtime="20210105 16:31:12.214"></status>
</kw>
<status status="PASS" starttime="20210105 16:31:12.212" endtime="20210105 16:31:12.215"></status>
</kw>
<tags>
<tag>Exploratoria</tag>
<tag>Funcional</tag>
</tags>
<status status="PASS" starttime="20210105 16:30:55.506" endtime="20210105 16:31:12.216" critical="yes"></status>
</test>
<test id="s1-t2" name="PSG-M-01-C1 Registro Exitoso">
<kw name="Wait Until Element Is Visible" library="Selenium2Library">
<doc>Waits until the element ``locator`` is visible.</doc>
<arguments>
<arg>xpath=/html/body/div/div/div/div</arg>
<arg>timeout=5s</arg>
</arguments>
<status status="PASS" starttime="20210105 16:31:12.221" endtime="20210105 16:31:12.349"></status>
</kw>
<kw name="Click Link" library="Selenium2Library">
<doc>Clicks a link identified by ``locator``.</doc>
<arguments>
<arg>xpath=//*[@id="login"]/div/form/div[2]/div[5]/a</arg>
</arguments>
<msg timestamp="20210105 16:31:12.350" level="INFO">Clicking link 'xpath=//*[@id="login"]/div/form/div[2]/div[5]/a'.</msg>
<status status="PASS" starttime="20210105 16:31:12.350" endtime="20210105 16:31:12.859"></status>
</kw>
<kw name="Wait Until Element Is Visible" library="Selenium2Library">
<doc>Waits until the element ``locator`` is visible.</doc>
<arguments>
<arg>xpath=/html/body/div/div/div/div[2]/form[1]/div/div[1]/div/input</arg>
<arg>timeout=5s</arg>
</arguments>
<status status="PASS" starttime="20210105 16:31:12.861" endtime="20210105 16:31:12.976"></status>
</kw>
<kw name="Input Text" library="Selenium2Library">
<doc>Types the given ``text`` into the text field identified by ``locator``.</doc>
<arguments>
<arg>xpath=/html/body/div/div/div/div[2]/form[1]/div/div[1]/div/input</arg>
<arg>${RUTEmpresa}</arg>
</arguments>
<msg timestamp="20210105 16:31:12.979" level="INFO">Typing text '32112321-01' into text field 'xpath=/html/body/div/div/div/div[2]/form[1]/div/div[1]/div/input'.</msg>
<status status="PASS" starttime="20210105 16:31:12.978" endtime="20210105 16:31:13.538"></status>
</kw>
<kw name="Sleep" library="BuiltIn">
<doc>Pauses the test executed for the given time.</doc>
<arguments>
<arg>3s</arg>
</arguments>
<msg timestamp="20210105 16:31:16.542" level="INFO">Slept 3 seconds</msg>
<status status="PASS" starttime="20210105 16:31:13.539" endtime="20210105 16:31:16.542"></status>
</kw>
<kw name="Press Keys" library="Selenium2Library">
<doc>Simulates the user pressing key(s) to an element or on the active browser.</doc>
<arguments>
<arg>xpath=//*[@id="register"]/div/div[2]/form[1]/div/div[2]/div/div[2]/button</arg>
<arg>ENTER</arg>
</arguments>
<msg timestamp="20210105 16:31:16.545" level="INFO">Sending key(s) ('ENTER',) to xpath=//*[@id="register"]/div/div[2]/form[1]/div/div[2]/div/div[2]/button element.</msg>
<msg timestamp="20210105 16:31:16.950" level="INFO">Pressing special key ENTER to element.</msg>
<msg timestamp="20210105 16:31:16.950" level="INFO">Releasing special key ENTER.</msg>
<status status="PASS" starttime="20210105 16:31:16.544" endtime="20210105 16:31:16.990"></status>
</kw>
<kw name="Wait Until Element Is Visible" library="Selenium2Library">
<doc>Waits until the element ``locator`` is visible.</doc>
<arguments>
<arg>xpath=//*[@id="register"]/div/div[2]/form/div[1]/div[3]/div/input</arg>
<arg>timeout=3s</arg>
</arguments>
<kw name="Capture Page Screenshot" library="Selenium2Library">
<doc>Takes a screenshot of the current page and embeds it into a log file.</doc>
<msg timestamp="20210105 16:31:20.712" level="INFO" html="yes">&lt;/td&gt;&lt;/tr&gt;&lt;tr&gt;&lt;td colspan="3"&gt;&lt;a href="../Screenshot/Itaco/selenium-screenshot-25.png"&gt;&lt;img src="../Screenshot/Itaco/selenium-screenshot-25.png" width="800px"&gt;&lt;/a&gt;</msg>
<status status="PASS" starttime="20210105 16:31:20.171" endtime="20210105 16:31:20.713"></status>
</kw>
<msg timestamp="20210105 16:31:20.720" level="FAIL">Element 'xpath=//*[@id="register"]/div/div[2]/form/div[1]/div[3]/div/input' not visible after 3 seconds.</msg>
<status status="FAIL" starttime="20210105 16:31:16.991" endtime="20210105 16:31:20.721"></status>
</kw>
<tags>
<tag>Caso001</tag>
<tag>Funcional</tag>
<tag>Parte001</tag>
</tags>
<status status="FAIL" starttime="20210105 16:31:12.219" endtime="20210105 16:31:20.722" critical="yes">Element 'xpath=//*[@id="register"]/div/div[2]/form/div[1]/div[3]/div/input' not visible after 3 seconds.</status>
</test>
<test id="s1-t3" name="PSG-M-01-C1 Llenar formulario a medias, pulsar boton guardar y luego retomarlo para continuar y procesarlo">
<kw name="Wait Until Element Is Visible" library="Selenium2Library">
<doc>Waits until the element ``locator`` is visible.</doc>
<arguments>
<arg>xpath=/html/body/div/div/div/div</arg>
<arg>timeout=5s</arg>
</arguments>
<status status="PASS" starttime="20210105 16:31:20.727" endtime="20210105 16:31:20.786"></status>
</kw>
<kw name="Click Link" library="Selenium2Library">
<doc>Clicks a link identified by ``locator``.</doc>
<arguments>
<arg>xpath=//*[@id="login"]/div/form/div[2]/div[5]/a</arg>
</arguments>
<msg timestamp="20210105 16:31:20.787" level="INFO">Clicking link 'xpath=//*[@id="login"]/div/form/div[2]/div[5]/a'.</msg>
<kw name="Capture Page Screenshot" library="Selenium2Library">
<doc>Takes a screenshot of the current page and embeds it into a log file.</doc>
<msg timestamp="20210105 16:31:21.313" level="INFO" html="yes">&lt;/td&gt;&lt;/tr&gt;&lt;tr&gt;&lt;td colspan="3"&gt;&lt;a href="../Screenshot/Itaco/selenium-screenshot-26.png"&gt;&lt;img src="../Screenshot/Itaco/selenium-screenshot-26.png" width="800px"&gt;&lt;/a&gt;</msg>
<status status="PASS" starttime="20210105 16:31:20.807" endtime="20210105 16:31:21.314"></status>
</kw>
<msg timestamp="20210105 16:31:21.323" level="FAIL">Link with locator 'xpath=//*[@id="login"]/div/form/div[2]/div[5]/a' not found.</msg>
<status status="FAIL" starttime="20210105 16:31:20.787" endtime="20210105 16:31:21.323"></status>
</kw>
<tags>
<tag>Caso001</tag>
<tag>Funcional</tag>
<tag>Parte002</tag>
</tags>
<status status="FAIL" starttime="20210105 16:31:20.725" endtime="20210105 16:31:21.324" critical="yes">Link with locator 'xpath=//*[@id="login"]/div/form/div[2]/div[5]/a' not found.</status>
</test>
<doc>Toda la documentacion de los keywords esta aqui https://robotframework.org/Selenium2Library/Selenium2Library.html</doc>
<status status="FAIL" starttime="20210105 16:30:54.624" endtime="20210105 16:31:21.329"></status>
</suite>
<statistics>
<total>
<stat pass="1" fail="2">Critical Tests</stat>
<stat pass="1" fail="2">All Tests</stat>
</total>
<tag>
<stat pass="0" fail="2">Caso001</stat>
<stat pass="1" fail="0">Exploratoria</stat>
<stat pass="1" fail="2">Funcional</stat>
<stat pass="0" fail="1">Parte001</stat>
<stat pass="0" fail="1">Parte002</stat>
</tag>
<suite>
<stat pass="1" fail="2" id="s1" name="Itaco">Itaco</stat>
</suite>
</statistics>
<errors>
</errors>
</robot>
