<?xml version="1.0" encoding="UTF-8"?>
<robot generator="Robot 3.2.2 (Python 3.9.0 on win32)" generated="20210104 15:18:02.785" rpa="false">
<suite id="s1" name="Itaco" source="C:\Users\Owner\Documents\RobotFramework\TestCases\Itaco.robot">
<test id="s1-t1" name="Precondition">
<kw name="Abrir Navegador">
<kw name="Open Browser" library="Selenium2Library">
<doc>Opens a new browser instance to the optional ``url``.</doc>
<arguments>
<arg>${url}</arg>
<arg>${browser}</arg>
</arguments>
<msg timestamp="20210104 15:18:03.481" level="INFO">Opening browser 'chrome' to base url 'http://45.173.197.126/Itaco/web/#/login'.</msg>
<kw name="Capture Page Screenshot" library="Selenium2Library">
<doc>Takes a screenshot of the current page and embeds it into a log file.</doc>
<msg timestamp="20210104 15:18:22.266" level="INFO" html="yes">&lt;/td&gt;&lt;/tr&gt;&lt;tr&gt;&lt;td colspan="3"&gt;&lt;a href="selenium-screenshot-1.png"&gt;&lt;img src="selenium-screenshot-1.png" width="800px"&gt;&lt;/a&gt;</msg>
<status status="PASS" starttime="20210104 15:18:21.250" endtime="20210104 15:18:22.267"></status>
</kw>
<msg timestamp="20210104 15:18:22.285" level="FAIL">WebDriverException: Message: unknown error: net::ERR_CONNECTION_REFUSED
  (Session info: chrome=87.0.4280.88)
</msg>
<status status="FAIL" starttime="20210104 15:18:03.481" endtime="20210104 15:18:22.286"></status>
</kw>
<status status="FAIL" starttime="20210104 15:18:03.480" endtime="20210104 15:18:22.286"></status>
</kw>
<tags>
<tag>Exploratoria</tag>
<tag>Funcional</tag>
</tags>
<status status="FAIL" starttime="20210104 15:18:03.478" endtime="20210104 15:18:22.470" critical="yes">WebDriverException: Message: unknown error: net::ERR_CONNECTION_REFUSED
  (Session info: chrome=87.0.4280.88)
</status>
</test>
<test id="s1-t2" name="PSG-M-01-C1 Registro Exitoso">
<kw name="Wait Until Element Is Visible" library="Selenium2Library">
<doc>Waits until the element ``locator`` is visible.</doc>
<arguments>
<arg>xpath=/html/body/div/div/div/div</arg>
<arg>timeout=5s</arg>
</arguments>
<status status="PASS" starttime="20210104 15:18:22.488" endtime="20210104 15:18:22.641"></status>
</kw>
<kw name="Click Link" library="Selenium2Library">
<doc>Clicks a link identified by ``locator``.</doc>
<arguments>
<arg>xpath=//*[@id="login"]/div/form/div[2]/div[5]/a</arg>
</arguments>
<msg timestamp="20210104 15:18:22.644" level="INFO">Clicking link 'xpath=//*[@id="login"]/div/form/div[2]/div[5]/a'.</msg>
<kw name="Capture Page Screenshot" library="Selenium2Library">
<doc>Takes a screenshot of the current page and embeds it into a log file.</doc>
<msg timestamp="20210104 15:18:23.266" level="INFO" html="yes">&lt;/td&gt;&lt;/tr&gt;&lt;tr&gt;&lt;td colspan="3"&gt;&lt;a href="selenium-screenshot-2.png"&gt;&lt;img src="selenium-screenshot-2.png" width="800px"&gt;&lt;/a&gt;</msg>
<status status="PASS" starttime="20210104 15:18:22.758" endtime="20210104 15:18:23.268"></status>
</kw>
<msg timestamp="20210104 15:18:23.278" level="FAIL">Link with locator 'xpath=//*[@id="login"]/div/form/div[2]/div[5]/a' not found.</msg>
<status status="FAIL" starttime="20210104 15:18:22.643" endtime="20210104 15:18:23.278"></status>
</kw>
<tags>
<tag>Caso001</tag>
<tag>Funcional</tag>
<tag>Parte001</tag>
</tags>
<status status="FAIL" starttime="20210104 15:18:22.482" endtime="20210104 15:18:23.281" critical="yes">Link with locator 'xpath=//*[@id="login"]/div/form/div[2]/div[5]/a' not found.</status>
</test>
<test id="s1-t3" name="PSG-M-01-C1 Llenar formulario a medias, pulsar boton guardar y luego retomarlo para continuar y procesarlo">
<kw name="Cerrar Navegador">
<kw name="Close Browser" library="Selenium2Library">
<doc>Closes the current browser.</doc>
<status status="PASS" starttime="20210104 15:18:23.309" endtime="20210104 15:18:26.625"></status>
</kw>
<status status="PASS" starttime="20210104 15:18:23.308" endtime="20210104 15:18:26.625"></status>
</kw>
<status status="PASS" starttime="20210104 15:18:23.303" endtime="20210104 15:18:26.626" critical="yes"></status>
</test>
<doc>Toda la documentacion de los keywords esta aqui https://robotframework.org/Selenium2Library/Selenium2Library.html</doc>
<status status="FAIL" starttime="20210104 15:18:02.790" endtime="20210104 15:18:26.632"></status>
</suite>
<statistics>
<total>
<stat pass="1" fail="2">Critical Tests</stat>
<stat pass="1" fail="2">All Tests</stat>
</total>
<tag>
<stat pass="0" fail="1">Caso001</stat>
<stat pass="0" fail="1">Exploratoria</stat>
<stat pass="0" fail="2">Funcional</stat>
<stat pass="0" fail="1">Parte001</stat>
</tag>
<suite>
<stat pass="1" fail="2" id="s1" name="Itaco">Itaco</stat>
</suite>
</statistics>
<errors>
</errors>
</robot>
